0 info it worked if it ends with ok
1 verbose cli [ '/usr/local/Cellar/node/6.7.0/bin/node',
1 verbose cli   '/usr/local/bin/npm',
1 verbose cli   'run',
1 verbose cli   'tagVersion' ]
2 info using npm@4.1.2
3 info using node@v7.5.0
4 verbose run-script [ 'pretagVersion', 'tagVersion', 'posttagVersion' ]
5 info lifecycle ngx-text-equality-validator@1.0.0~pretagVersion: ngx-text-equality-validator@1.0.0
6 verbose lifecycle ngx-text-equality-validator@1.0.0~pretagVersion: unsafe-perm in lifecycle true
7 verbose lifecycle ngx-text-equality-validator@1.0.0~pretagVersion: PATH: /usr/local/lib/node_modules/npm/bin/node-gyp-bin:/Users/netanelbasal/www/ngx-equal-fields/node_modules/.bin:/Users/netanelbasal/bin:/usr/local/bin:/usr/local/bin:/usr/bin:/bin:/usr/sbin:/sbin:/Users/netanelbasal/bin
8 verbose lifecycle ngx-text-equality-validator@1.0.0~pretagVersion: CWD: /Users/netanelbasal/www/ngx-equal-fields
9 silly lifecycle ngx-text-equality-validator@1.0.0~pretagVersion: Args: [ '-c', 'npm run build' ]
10 silly lifecycle ngx-text-equality-validator@1.0.0~pretagVersion: Returned: code: 0  signal: null
11 info lifecycle ngx-text-equality-validator@1.0.0~tagVersion: ngx-text-equality-validator@1.0.0
12 verbose lifecycle ngx-text-equality-validator@1.0.0~tagVersion: unsafe-perm in lifecycle true
13 verbose lifecycle ngx-text-equality-validator@1.0.0~tagVersion: PATH: /usr/local/lib/node_modules/npm/bin/node-gyp-bin:/Users/netanelbasal/www/ngx-equal-fields/node_modules/.bin:/Users/netanelbasal/bin:/usr/local/bin:/usr/local/bin:/usr/bin:/bin:/usr/sbin:/sbin:/Users/netanelbasal/bin
14 verbose lifecycle ngx-text-equality-validator@1.0.0~tagVersion: CWD: /Users/netanelbasal/www/ngx-equal-fields
15 silly lifecycle ngx-text-equality-validator@1.0.0~tagVersion: Args: [ '-c', 'np' ]
16 silly lifecycle ngx-text-equality-validator@1.0.0~tagVersion: Returned: code: 1  signal: null
17 info lifecycle ngx-text-equality-validator@1.0.0~tagVersion: Failed to exec tagVersion script
18 verbose stack Error: ngx-text-equality-validator@1.0.0 tagVersion: `np`
18 verbose stack Exit status 1
18 verbose stack     at EventEmitter.<anonymous> (/usr/local/lib/node_modules/npm/lib/utils/lifecycle.js:279:16)
18 verbose stack     at emitTwo (events.js:106:13)
18 verbose stack     at EventEmitter.emit (events.js:192:7)
18 verbose stack     at ChildProcess.<anonymous> (/usr/local/lib/node_modules/npm/lib/utils/spawn.js:40:14)
18 verbose stack     at emitTwo (events.js:106:13)
18 verbose stack     at ChildProcess.emit (events.js:192:7)
18 verbose stack     at maybeClose (internal/child_process.js:890:16)
18 verbose stack     at Process.ChildProcess._handle.onexit (internal/child_process.js:226:5)
19 verbose pkgid ngx-text-equality-validator@1.0.0
20 verbose cwd /Users/netanelbasal/www/ngx-equal-fields
21 error Darwin 16.0.0
22 error argv "/usr/local/Cellar/node/6.7.0/bin/node" "/usr/local/bin/npm" "run" "tagVersion"
23 error node v7.5.0
24 error npm  v4.1.2
25 error code ELIFECYCLE
26 error ngx-text-equality-validator@1.0.0 tagVersion: `np`
26 error Exit status 1
27 error Failed at the ngx-text-equality-validator@1.0.0 tagVersion script 'np'.
27 error Make sure you have the latest version of node.js and npm installed.
27 error If you do, this is most likely a problem with the ngx-text-equality-validator package,
27 error not with npm itself.
27 error Tell the author that this fails on your system:
27 error     np
27 error You can get information on how to open an issue for this project with:
27 error     npm bugs ngx-text-equality-validator
27 error Or if that isn't available, you can get their info via:
27 error     npm owner ls ngx-text-equality-validator
27 error There is likely additional logging output above.
28 verbose exit [ 1, true ]
